<?xml version="1.0" encoding="UTF-8"?>
<testng-results ignored="0" total="1" passed="1" failed="0" skipped="0">
  <reporter-output>
  </reporter-output>
  <suite started-at="2024-02-13T20:54:55 EST" name="Default suite" finished-at="2024-02-13T20:55:06 EST" duration-ms="10656">
    <groups>
    </groups>
    <test started-at="2024-02-13T20:54:55 EST" name="Default test" finished-at="2024-02-13T20:55:06 EST" duration-ms="10656">
      <class name="pages.HomePageTest">
        <test-method is-config="true" signature="setUp()[pri:0, instance:pages.HomePageTest@1a6d8329]" started-at="2024-02-13T20:54:55 EST" name="setUp" finished-at="2024-02-13T20:55:02 EST" duration-ms="7041" status="PASS">
          <reporter-output>
          </reporter-output>
        </test-method> <!-- setUp -->
        <test-method signature="clickSearchFieldTest()[pri:0, instance:pages.HomePageTest@1a6d8329]" started-at="2024-02-13T20:55:02 EST" name="clickSearchFieldTest" finished-at="2024-02-13T20:55:05 EST" duration-ms="3201" status="PASS">
          <reporter-output>
          </reporter-output>
        </test-method> <!-- clickSearchFieldTest -->
        <test-method is-config="true" signature="tearUp()[pri:0, instance:pages.HomePageTest@1a6d8329]" started-at="2024-02-13T20:55:05 EST" name="tearUp" finished-at="2024-02-13T20:55:06 EST" duration-ms="339" status="PASS">
          <reporter-output>
          </reporter-output>
        </test-method> <!-- tearUp -->
      </class> <!-- pages.HomePageTest -->
    </test> <!-- Default test -->
  </suite> <!-- Default suite -->
</testng-results>
